Run Information
========================
NewVision.intelligent.test.scripter.engine :  1.0
java.runtime.name                          :  Java(TM) SE Runtime Environment
java.version                               :  21.0.1
java.home                                  :  C:\Program Files\Java\jdk-21
os.name                                    :  Windows 11
os.arch                                    :  amd64
os.version                                 :  10.0
file.encoding                              :  UTF-8
========================
Run Started on Thu Nov 23 17:29:16 IST 2023

Scenario         :  [Sign up]
TestCase         :  [sign up]
Browser          :  [Chrome]
Browser Version  :  [null]
Platform         :  [null]
----------------------------------------------------------
Initializing Report
Running Iteration :  [Single]

===================================================================================================

Step:1  |  Object:Browser  |  Action:Open  |  Input: @https://www.automationexercise.com/  |  Condition:  | @23-Nov-2023 17:29:21.021
[DONE]   | Opened Url: https://www.automationexercise.com/


===================================================================================================

Step:2  |  Object:Signup / Login  |  Action:Click  |  Input:   |  Condition:  | @23-Nov-2023 17:29:22.022
[DONE]   | Clicking on Signup / Login


===================================================================================================

Step:3  |  Object:Name  |  Action:Click  |  Input:   |  Condition:  | @23-Nov-2023 17:29:22.022
[DONE]   | Clicking on Name


===================================================================================================

Step:4  |  Object:Name  |  Action:Set  |  Input: @test  |  Condition:  | @23-Nov-2023 17:29:22.022
[DONE]   | Entered Text 'test' on 'Name'


===================================================================================================

Step:5  |  Object:Browser  |  Action:AddVar  |  Input: =Random(4):  |  Condition:%R%  | @23-Nov-2023 17:29:22.022
[DONE]   | Variable %R%


===================================================================================================

Step:6  |  Object:Browser  |  Action:AddVar  |  Input: =Concat(@test_01,%R%,@test.com):  |  Condition:%email%  | @23-Nov-2023 17:29:22.022
[DONE]   | Variable %email%


===================================================================================================

Step:7  |  Object:Browser  |  Action:storeVariableInDataSheet  |  Input: exercise:email  |  Condition:%email%  | @23-Nov-2023 17:29:22.022
[DONE]   | Value of variable %email% has been stored into the data sheet


===================================================================================================

Step:8  |  Object:Email Address  |  Action:Click  |  Input:   |  Condition:  | @23-Nov-2023 17:29:22.022
[DONE]   | Clicking on Email Address


===================================================================================================

Step:9  |  Object:Email Address  |  Action:Set  |  Input: exercise:email  |  Condition:%email%  | @23-Nov-2023 17:29:22.022
[DONE]   | Entered Text 'test_013532.354726130896@test.com' on 'Email Address'


===================================================================================================

Step:10  |  Object:Signup  |  Action:Click  |  Input:   |  Condition:  | @23-Nov-2023 17:29:24.024
[DONE]   | Clicking on Signup


===================================================================================================

Step:11  |  Object:title  |  Action:Click  |  Input:   |  Condition:  | @23-Nov-2023 17:29:24.024
[DONE]   | Clicking on title


===================================================================================================

Step:14  |  Object:Password *  |  Action:Click  |  Input:   |  Condition:  | @23-Nov-2023 17:29:24.024
[DONE]   | Clicking on Password *


===================================================================================================

Step:15  |  Object:Password *  |  Action:setEncrypted  |  Input: @d9Pu+SyIaEqGOoR9tfQO0Q== Enc  |  Condition:  | @23-Nov-2023 17:29:25.025
[DONE]   | Entered Encrypted Text d9Pu+SyIaEqGOoR9tfQO0Q== on Password *


===================================================================================================

Step:16  |  Object:days  |  Action:selectByVisibleText  |  Input: @3  |  Condition:  | @23-Nov-2023 17:29:25.025
[DONE]   | Item/s '3' is/are selected from list days


===================================================================================================

Step:17  |  Object:months  |  Action:selectByVisibleText  |  Input: @February  |  Condition:  | @23-Nov-2023 17:29:25.025
[DONE]   | Item/s 'February' is/are selected from list months


===================================================================================================

Step:18  |  Object:years  |  Action:selectByVisibleText  |  Input: @1987  |  Condition:  | @23-Nov-2023 17:29:25.025
[DONE]   | Item/s '1987' is/are selected from list years


===================================================================================================

Step:19  |  Object:First name *  |  Action:Click  |  Input:   |  Condition:  | @23-Nov-2023 17:29:25.025
[DONE]   | Clicking on First name *


===================================================================================================

Step:20  |  Object:First name *  |  Action:Set  |  Input: @test1  |  Condition:  | @23-Nov-2023 17:29:25.025
[DONE]   | Entered Text 'test1' on 'First name *'


===================================================================================================

Step:21  |  Object:Last name *  |  Action:Click  |  Input:   |  Condition:  | @23-Nov-2023 17:29:26.026
[FAIL]   | org.openqa.selenium.ElementClickInterceptedException: element click intercepted: Element <input type="text" data-qa="last_name" class="form-control" id="last_name" name="last_name" required="" value=""> is not clickable at point (659, 921). Other element would receive the click: <iframe id="aswift_7" name="aswift_7" style="width: 1005px !important; height: 124px !important; display: block; margin: 0px auto;" sandbox="allow-forms allow-popups allow-popups-to-escape-sandbox allow-same-origin allow-scripts allow-top-navigation-by-user-activation" width="1005" height="124" frameborder="0" marginwidth="0" marginheight="0" vspace="0" hspace="0" allowtransparency="true" scrolling="no" src="https://googleads.g.doubleclick.net/pagead/html/r20231109/r20110914/zrt_lookup_nohtml_fy2021.html?hello=world&amp;fsb=1#RS-0-&amp;adk=1812271801&amp;client=ca-pub-1677597403311019&amp;fa=1&amp;ifi=8&amp;uci=a!8&amp;btvi=7" data-google-container-id="a!8" data-google-query-id="CM-114eJ2oIDFRbrcwEd66kCQw" data-load-complete="true"></iframe>
  (Session info: chrome=119.0.6045.160)
Build info: version: '3.141.59', revision: 'e82be7d358', time: '2018-11-14T08:17:03'
System info: host: 'SATYAM', ip: '10.20.0.61', os.name: 'Windows 11', os.arch: 'amd64', os.version: '10.0', java.version: '21.0.1'
Driver info: org.openqa.selenium.chrome.ChromeDriver
Capabilities {acceptInsecureCerts: false, browserName: chrome, browserVersion: 119.0.6045.160, chrome: {chromedriverVersion: 119.0.6045.105 (38c72552c5e..., userDataDir: C:\WINDOWS\SystemTemp\scope...}, fedcm:accounts: true, goog:chromeOptions: {debuggerAddress: localhost:60424}, javascriptEnabled: true, networkConnectionEnabled: false, pageLoadStrategy: normal, platform: WINDOWS, platformName: WINDOWS, proxy: Proxy(), setWindowRect: true, strictFileInteractability: false, timeouts: {implicit: 0, pageLoad: 300000, script: 30000}, unhandledPromptBehavior: dismiss and notify, webauthn:extension:credBlob: true, webauthn:extension:largeBlob: true, webauthn:extension:minPinLength: true, webauthn:extension:prf: true, webauthn:virtualAuthenticators: true}
Session ID: 987a31c9a02e94ff119644d7e2fc775e


===================================================================================================

Step:22  |  Object:Last name *  |  Action:Set  |  Input: @test2  |  Condition:  | @23-Nov-2023 17:29:29.029
[DONE]   | Entered Text 'test2' on 'Last name *'


===================================================================================================

Step:23  |  Object:Company  |  Action:Click  |  Input:   |  Condition:  | @23-Nov-2023 17:29:30.030
[FAIL]   | org.openqa.selenium.ElementClickInterceptedException: element click intercepted: Element <input type="text" data-qa="company" class="form-control" id="company" name="company" value=""> is not clickable at point (659, 1001). Other element would receive the click: <iframe id="aswift_7" name="aswift_7" style="width: 1005px !important; height: 124px !important; display: block; margin: 0px auto;" sandbox="allow-forms allow-popups allow-popups-to-escape-sandbox allow-same-origin allow-scripts allow-top-navigation-by-user-activation" width="1005" height="124" frameborder="0" marginwidth="0" marginheight="0" vspace="0" hspace="0" allowtransparency="true" scrolling="no" src="https://googleads.g.doubleclick.net/pagead/html/r20231109/r20110914/zrt_lookup_nohtml_fy2021.html?hello=world&amp;fsb=1#RS-0-&amp;adk=1812271801&amp;client=ca-pub-1677597403311019&amp;fa=1&amp;ifi=8&amp;uci=a!8&amp;btvi=7" data-google-container-id="a!8" data-google-query-id="CM-114eJ2oIDFRbrcwEd66kCQw" data-load-complete="true"></iframe>
  (Session info: chrome=119.0.6045.160)
Build info: version: '3.141.59', revision: 'e82be7d358', time: '2018-11-14T08:17:03'
System info: host: 'SATYAM', ip: '10.20.0.61', os.name: 'Windows 11', os.arch: 'amd64', os.version: '10.0', java.version: '21.0.1'
Driver info: org.openqa.selenium.chrome.ChromeDriver
Capabilities {acceptInsecureCerts: false, browserName: chrome, browserVersion: 119.0.6045.160, chrome: {chromedriverVersion: 119.0.6045.105 (38c72552c5e..., userDataDir: C:\WINDOWS\SystemTemp\scope...}, fedcm:accounts: true, goog:chromeOptions: {debuggerAddress: localhost:60424}, javascriptEnabled: true, networkConnectionEnabled: false, pageLoadStrategy: normal, platform: WINDOWS, platformName: WINDOWS, proxy: Proxy(), setWindowRect: true, strictFileInteractability: false, timeouts: {implicit: 0, pageLoad: 300000, script: 30000}, unhandledPromptBehavior: dismiss and notify, webauthn:extension:credBlob: true, webauthn:extension:largeBlob: true, webauthn:extension:minPinLength: true, webauthn:extension:prf: true, webauthn:virtualAuthenticators: true}
Session ID: 987a31c9a02e94ff119644d7e2fc775e


===================================================================================================

Step:24  |  Object:Company  |  Action:Set  |  Input: @nv  |  Condition:  | @23-Nov-2023 17:29:32.032
[DONE]   | Entered Text 'nv' on 'Company'


===================================================================================================

Step:25  |  Object:Address * (Street address, P.O. Box, Company name, etc.)  |  Action:Click  |  Input:   |  Condition:  | @23-Nov-2023 17:29:33.033
[FAIL]   | org.openqa.selenium.ElementClickInterceptedException: element click intercepted: Element <input type="text" data-qa="address" class="form-control" required="" name="address1" id="address1" value=""> is not clickable at point (659, 1011). Other element would receive the click: <iframe id="aswift_7" name="aswift_7" style="width: 1005px !important; height: 124px !important; display: block; margin: 0px auto;" sandbox="allow-forms allow-popups allow-popups-to-escape-sandbox allow-same-origin allow-scripts allow-top-navigation-by-user-activation" width="1005" height="124" frameborder="0" marginwidth="0" marginheight="0" vspace="0" hspace="0" allowtransparency="true" scrolling="no" src="https://googleads.g.doubleclick.net/pagead/html/r20231109/r20110914/zrt_lookup_nohtml_fy2021.html?hello=world&amp;fsb=1#RS-0-&amp;adk=1812271801&amp;client=ca-pub-1677597403311019&amp;fa=1&amp;ifi=8&amp;uci=a!8&amp;btvi=7" data-google-container-id="a!8" data-google-query-id="CM-114eJ2oIDFRbrcwEd66kCQw" data-load-complete="true"></iframe>
  (Session info: chrome=119.0.6045.160)
Build info: version: '3.141.59', revision: 'e82be7d358', time: '2018-11-14T08:17:03'
System info: host: 'SATYAM', ip: '10.20.0.61', os.name: 'Windows 11', os.arch: 'amd64', os.version: '10.0', java.version: '21.0.1'
Driver info: org.openqa.selenium.chrome.ChromeDriver
Capabilities {acceptInsecureCerts: false, browserName: chrome, browserVersion: 119.0.6045.160, chrome: {chromedriverVersion: 119.0.6045.105 (38c72552c5e..., userDataDir: C:\WINDOWS\SystemTemp\scope...}, fedcm:accounts: true, goog:chromeOptions: {debuggerAddress: localhost:60424}, javascriptEnabled: true, networkConnectionEnabled: false, pageLoadStrategy: normal, platform: WINDOWS, platformName: WINDOWS, proxy: Proxy(), setWindowRect: true, strictFileInteractability: false, timeouts: {implicit: 0, pageLoad: 300000, script: 30000}, unhandledPromptBehavior: dismiss and notify, webauthn:extension:credBlob: true, webauthn:extension:largeBlob: true, webauthn:extension:minPinLength: true, webauthn:extension:prf: true, webauthn:virtualAuthenticators: true}
Session ID: 987a31c9a02e94ff119644d7e2fc775e


===================================================================================================

Step:26  |  Object:Address * (Street address, P.O. Box, Company name, etc.)  |  Action:Set  |  Input: @test address  |  Condition:  | @23-Nov-2023 17:29:35.035
[DONE]   | Entered Text 'test address' on 'Address * (Street address, P.O. Box, Company name, etc.)'


===================================================================================================

Step:27  |  Object:Address 2  |  Action:Click  |  Input:   |  Condition:  | @23-Nov-2023 17:29:36.036
[DONE]   | Clicking on Address 2


===================================================================================================

Step:28  |  Object:Address 2  |  Action:Set  |  Input: @test address  |  Condition:  | @23-Nov-2023 17:29:36.036
[DONE]   | Entered Text 'test address' on 'Address 2'


===================================================================================================

Step:29  |  Object:State *  |  Action:Click  |  Input:   |  Condition:  | @23-Nov-2023 17:29:36.036
[DONE]   | Clicking on State *


===================================================================================================

Step:30  |  Object:State *  |  Action:Set  |  Input: @UP  |  Condition:  | @23-Nov-2023 17:29:36.036
[DONE]   | Entered Text 'UP' on 'State *'


===================================================================================================

Step:31  |  Object:City *  |  Action:Click  |  Input:   |  Condition:  | @23-Nov-2023 17:29:36.036
[DONE]   | Clicking on City *


===================================================================================================

Step:32  |  Object:City *  |  Action:Set  |  Input: @Test  |  Condition:  | @23-Nov-2023 17:29:36.036
[DONE]   | Entered Text 'Test' on 'City *'


===================================================================================================

Step:33  |  Object:Zipcode *  |  Action:Click  |  Input:   |  Condition:  | @23-Nov-2023 17:29:37.037
[FAIL]   | org.openqa.selenium.ElementClickInterceptedException: element click intercepted: Element <input type="text" data-qa="zipcode" class="form-control" required="" name="zipcode" id="zipcode" value=""> is not clickable at point (659, 910). Other element would receive the click: <iframe id="aswift_7" name="aswift_7" style="width: 1005px !important; height: 124px !important; display: block; margin: 0px auto;" sandbox="allow-forms allow-popups allow-popups-to-escape-sandbox allow-same-origin allow-scripts allow-top-navigation-by-user-activation" width="1005" height="124" frameborder="0" marginwidth="0" marginheight="0" vspace="0" hspace="0" allowtransparency="true" scrolling="no" src="https://googleads.g.doubleclick.net/pagead/html/r20231109/r20110914/zrt_lookup_nohtml_fy2021.html?hello=world&amp;fsb=1#RS-0-&amp;adk=1812271801&amp;client=ca-pub-1677597403311019&amp;fa=1&amp;ifi=8&amp;uci=a!8&amp;btvi=7" data-google-container-id="a!8" data-google-query-id="CM-114eJ2oIDFRbrcwEd66kCQw" data-load-complete="true"></iframe>
  (Session info: chrome=119.0.6045.160)
Build info: version: '3.141.59', revision: 'e82be7d358', time: '2018-11-14T08:17:03'
System info: host: 'SATYAM', ip: '10.20.0.61', os.name: 'Windows 11', os.arch: 'amd64', os.version: '10.0', java.version: '21.0.1'
Driver info: org.openqa.selenium.chrome.ChromeDriver
Capabilities {acceptInsecureCerts: false, browserName: chrome, browserVersion: 119.0.6045.160, chrome: {chromedriverVersion: 119.0.6045.105 (38c72552c5e..., userDataDir: C:\WINDOWS\SystemTemp\scope...}, fedcm:accounts: true, goog:chromeOptions: {debuggerAddress: localhost:60424}, javascriptEnabled: true, networkConnectionEnabled: false, pageLoadStrategy: normal, platform: WINDOWS, platformName: WINDOWS, proxy: Proxy(), setWindowRect: true, strictFileInteractability: false, timeouts: {implicit: 0, pageLoad: 300000, script: 30000}, unhandledPromptBehavior: dismiss and notify, webauthn:extension:credBlob: true, webauthn:extension:largeBlob: true, webauthn:extension:minPinLength: true, webauthn:extension:prf: true, webauthn:virtualAuthenticators: true}
Session ID: 987a31c9a02e94ff119644d7e2fc775e


===================================================================================================

Step:34  |  Object:Zipcode *  |  Action:Set  |  Input: @4444444  |  Condition:  | @23-Nov-2023 17:29:40.040
[DONE]   | Entered Text '4444444' on 'Zipcode *'


===================================================================================================

Step:35  |  Object:Mobile Number *  |  Action:Click  |  Input:   |  Condition:  | @23-Nov-2023 17:29:40.040
[DONE]   | Clicking on Mobile Number *


===================================================================================================

Step:36  |  Object:Mobile Number *  |  Action:Set  |  Input: @9898989898  |  Condition:  | @23-Nov-2023 17:29:40.040
[DONE]   | Entered Text '9898989898' on 'Mobile Number *'


===================================================================================================

Step:37  |  Object:Create Account  |  Action:Click  |  Input:   |  Condition:  | @23-Nov-2023 17:29:42.042
[DONE]   | Clicking on Create Account


===================================================================================================

Step:38  |  Object:Account Created!  |  Action:assertElementTextContains  |  Input: @Account Created!  |  Condition:  | @23-Nov-2023 17:29:42.042
[FAIL]   | "Account Created!" text is "ACCOUNT CREATED!" but should contain "Account Created!"


===================================================================================================

Step:39  |  Object:Congratulations! Your new acco  |  Action:assertElementTextContains  |  Input: @Congratulations! Your new account has been successfully created!  |  Condition:  | @23-Nov-2023 17:29:53.053
[PASS]   | Congratulations! Your new acco's Text CONTAINS Congratulations! Your new account has been successfully created! 


===================================================================================================

Step:40  |  Object:Continue  |  Action:Click  |  Input:   |  Condition:  | @23-Nov-2023 17:29:57.057
[DONE]   | Clicking on Continue

---------------------------------------------------
Testcase Name        : Sign up:sign up
Executed Steps       : 38
Passed Steps         : 33
Failed Steps         : 5
Time Taken           : 00:00:41
---------------------------------------------------

